mode: atomic
github.com/D3vl0per/crypt/asymmetric/asymmetric.go:40.36,43.16 3 2
github.com/D3vl0per/crypt/asymmetric/asymmetric.go:43.16,45.3 1 0
github.com/D3vl0per/crypt/asymmetric/asymmetric.go:47.2,47.12 1 2
github.com/D3vl0per/crypt/asymmetric/asymmetric.go:50.55,51.43 1 2
github.com/D3vl0per/crypt/asymmetric/asymmetric.go:51.43,53.3 1 0
github.com/D3vl0per/crypt/asymmetric/asymmetric.go:54.2,57.12 4 2
github.com/D3vl0per/crypt/asymmetric/asymmetric.go:60.43,62.2 1 1
github.com/D3vl0per/crypt/asymmetric/asymmetric.go:64.64,67.16 2 1
github.com/D3vl0per/crypt/asymmetric/asymmetric.go:67.16,69.3 1 0
github.com/D3vl0per/crypt/asymmetric/asymmetric.go:71.2,71.55 1 1
github.com/D3vl0per/crypt/asymmetric/asymmetric.go:78.34,81.16 3 1
github.com/D3vl0per/crypt/asymmetric/asymmetric.go:81.16,83.3 1 0
github.com/D3vl0per/crypt/asymmetric/asymmetric.go:84.2,84.12 1 1
github.com/D3vl0per/crypt/asymmetric/asymmetric.go:87.53,88.41 1 4
github.com/D3vl0per/crypt/asymmetric/asymmetric.go:88.41,90.3 1 2
github.com/D3vl0per/crypt/asymmetric/asymmetric.go:91.2,94.12 4 2
github.com/D3vl0per/crypt/asymmetric/asymmetric.go:97.41,99.2 1 0
github.com/D3vl0per/crypt/asymmetric/asymmetric.go:101.62,103.16 2 0
github.com/D3vl0per/crypt/asymmetric/asymmetric.go:103.16,105.3 1 0
github.com/D3vl0per/crypt/asymmetric/asymmetric.go:107.2,107.64 1 0
github.com/D3vl0per/crypt/asymmetric/asymmetric.go:110.74,111.27 1 2
github.com/D3vl0per/crypt/asymmetric/asymmetric.go:112.25,113.18 1 2
github.com/D3vl0per/crypt/asymmetric/asymmetric.go:114.10,115.44 1 0
github.com/D3vl0per/crypt/asymmetric/asymmetric.go:119.70,120.27 1 2
github.com/D3vl0per/crypt/asymmetric/asymmetric.go:121.23,122.18 1 2
github.com/D3vl0per/crypt/asymmetric/asymmetric.go:123.10,124.44 1 0
github.com/D3vl0per/crypt/generic/csprng.go:10.38,12.60 2 10
github.com/D3vl0per/crypt/generic/csprng.go:12.60,14.3 1 0
github.com/D3vl0per/crypt/generic/csprng.go:15.2,15.20 1 10
github.com/D3vl0per/crypt/generic/csprng.go:18.41,21.2 2 9
github.com/D3vl0per/crypt/generic/csprng.go:23.37,25.16 2 1
github.com/D3vl0per/crypt/generic/csprng.go:25.16,27.3 1 0
github.com/D3vl0per/crypt/generic/csprng.go:28.2,31.52 3 1
github.com/D3vl0per/crypt/generic/csprng.go:31.52,33.3 1 0
github.com/D3vl0per/crypt/generic/csprng.go:34.2,34.20 1 1
github.com/D3vl0per/crypt/generic/csprng.go:37.23,39.2 1 1
github.com/D3vl0per/crypt/generic/fs.go:10.49,11.16 1 0
github.com/D3vl0per/crypt/generic/fs.go:11.16,13.3 1 0
github.com/D3vl0per/crypt/generic/fs.go:15.2,16.16 2 0
github.com/D3vl0per/crypt/generic/fs.go:16.16,18.3 1 0
github.com/D3vl0per/crypt/generic/fs.go:19.2,22.16 3 0
github.com/D3vl0per/crypt/generic/fs.go:22.16,24.3 1 0
github.com/D3vl0per/crypt/generic/fs.go:26.2,29.29 3 0
github.com/D3vl0per/crypt/generic/fs.go:29.29,32.17 2 0
github.com/D3vl0per/crypt/generic/fs.go:32.17,34.4 1 0
github.com/D3vl0per/crypt/generic/fs.go:35.3,36.17 2 0
github.com/D3vl0per/crypt/generic/fs.go:36.17,38.4 1 0
github.com/D3vl0per/crypt/generic/fs.go:39.3,39.32 1 0
github.com/D3vl0per/crypt/generic/fs.go:39.32,41.4 1 0
github.com/D3vl0per/crypt/generic/fs.go:43.3,44.17 2 0
github.com/D3vl0per/crypt/generic/fs.go:44.17,46.4 1 0
github.com/D3vl0per/crypt/generic/fs.go:47.3,48.17 2 0
github.com/D3vl0per/crypt/generic/fs.go:48.17,50.4 1 0
github.com/D3vl0per/crypt/generic/fs.go:51.3,52.17 2 0
github.com/D3vl0per/crypt/generic/fs.go:52.17,54.4 1 0
github.com/D3vl0per/crypt/generic/fs.go:56.3,56.32 1 0
github.com/D3vl0per/crypt/generic/fs.go:56.32,58.4 1 0
github.com/D3vl0per/crypt/generic/fs.go:61.2,62.16 2 0
github.com/D3vl0per/crypt/generic/fs.go:62.16,64.3 1 0
github.com/D3vl0per/crypt/generic/fs.go:65.2,65.12 1 0
github.com/D3vl0per/crypt/generic/fs.go:68.65,69.16 1 0
github.com/D3vl0per/crypt/generic/fs.go:69.16,71.3 1 0
github.com/D3vl0per/crypt/generic/fs.go:74.2,75.16 2 0
github.com/D3vl0per/crypt/generic/fs.go:75.16,77.3 1 0
github.com/D3vl0per/crypt/generic/fs.go:78.2,81.16 3 0
github.com/D3vl0per/crypt/generic/fs.go:81.16,83.3 1 0
github.com/D3vl0per/crypt/generic/fs.go:85.2,88.29 3 0
github.com/D3vl0per/crypt/generic/fs.go:88.29,91.17 2 0
github.com/D3vl0per/crypt/generic/fs.go:91.17,93.4 1 0
github.com/D3vl0per/crypt/generic/fs.go:94.3,95.17 2 0
github.com/D3vl0per/crypt/generic/fs.go:95.17,97.4 1 0
github.com/D3vl0per/crypt/generic/fs.go:99.3,99.32 1 0
github.com/D3vl0per/crypt/generic/fs.go:99.32,101.4 1 0
github.com/D3vl0per/crypt/generic/fs.go:103.3,104.17 2 0
github.com/D3vl0per/crypt/generic/fs.go:104.17,106.4 1 0
github.com/D3vl0per/crypt/generic/fs.go:108.3,109.17 2 0
github.com/D3vl0per/crypt/generic/fs.go:109.17,111.4 1 0
github.com/D3vl0per/crypt/generic/fs.go:112.3,113.17 2 0
github.com/D3vl0per/crypt/generic/fs.go:113.17,115.4 1 0
github.com/D3vl0per/crypt/generic/fs.go:116.3,116.32 1 0
github.com/D3vl0per/crypt/generic/fs.go:116.32,118.4 1 0
github.com/D3vl0per/crypt/generic/fs.go:120.2,121.16 2 0
github.com/D3vl0per/crypt/generic/fs.go:121.16,123.3 1 0
github.com/D3vl0per/crypt/generic/fs.go:124.2,125.16 2 0
github.com/D3vl0per/crypt/generic/fs.go:125.16,127.3 1 0
github.com/D3vl0per/crypt/generic/fs.go:128.2,128.31 1 0
github.com/D3vl0per/crypt/generic/fs.go:128.31,130.3 1 0
github.com/D3vl0per/crypt/generic/fs.go:131.2,131.12 1 0
github.com/D3vl0per/crypt/generic/fs.go:134.63,137.87 2 0
github.com/D3vl0per/crypt/generic/fs.go:137.87,138.17 1 0
github.com/D3vl0per/crypt/generic/fs.go:138.17,140.4 1 0
github.com/D3vl0per/crypt/generic/fs.go:142.3,142.43 1 0
github.com/D3vl0per/crypt/generic/fs.go:142.43,144.4 1 0
github.com/D3vl0per/crypt/generic/fs.go:146.3,146.13 1 0
github.com/D3vl0per/crypt/generic/fs.go:148.2,148.16 1 0
github.com/D3vl0per/crypt/generic/fs.go:148.16,150.3 1 0
github.com/D3vl0per/crypt/generic/fs.go:151.2,151.19 1 0
github.com/D3vl0per/crypt/generic/fs.go:154.51,157.16 2 0
github.com/D3vl0per/crypt/generic/fs.go:157.16,159.3 1 0
github.com/D3vl0per/crypt/generic/fs.go:160.2,162.16 3 0
github.com/D3vl0per/crypt/generic/fs.go:162.16,164.3 1 0
github.com/D3vl0per/crypt/generic/fs.go:165.2,165.18 1 0
github.com/D3vl0per/crypt/generic/utils.go:22.45,24.2 1 0
github.com/D3vl0per/crypt/generic/utils.go:26.54,28.2 1 0
github.com/D3vl0per/crypt/generic/utils.go:30.42,32.2 1 0
github.com/D3vl0per/crypt/generic/utils.go:34.51,36.2 1 0
github.com/D3vl0per/crypt/generic/utils.go:38.32,40.2 1 0
github.com/D3vl0per/crypt/generic/utils.go:42.55,44.16 2 0
github.com/D3vl0per/crypt/generic/utils.go:44.16,46.3 1 0
github.com/D3vl0per/crypt/generic/utils.go:48.2,52.59 2 0
github.com/D3vl0per/crypt/generic/utils.go:55.57,57.16 2 0
github.com/D3vl0per/crypt/generic/utils.go:57.16,59.3 1 0
github.com/D3vl0per/crypt/generic/utils.go:61.2,65.59 2 0
github.com/D3vl0per/crypt/generic/utils.go:68.56,70.16 2 0
github.com/D3vl0per/crypt/generic/utils.go:70.16,72.3 1 0
github.com/D3vl0per/crypt/generic/utils.go:74.2,77.16 3 0
github.com/D3vl0per/crypt/generic/utils.go:77.16,79.3 1 0
github.com/D3vl0per/crypt/generic/utils.go:81.2,83.37 2 0
github.com/D3vl0per/crypt/generic/utils.go:86.56,88.16 2 0
github.com/D3vl0per/crypt/generic/utils.go:88.16,90.3 1 0
github.com/D3vl0per/crypt/generic/utils.go:92.2,95.16 3 0
github.com/D3vl0per/crypt/generic/utils.go:95.16,97.3 1 0
github.com/D3vl0per/crypt/generic/utils.go:99.2,101.37 2 0
github.com/D3vl0per/crypt/generic/utils.go:104.29,105.22 1 0
github.com/D3vl0per/crypt/generic/utils.go:105.22,106.13 1 0
github.com/D3vl0per/crypt/generic/utils.go:106.13,108.4 1 0
github.com/D3vl0per/crypt/generic/utils.go:110.2,110.13 1 0
github.com/D3vl0per/crypt/generic/utils.go:113.36,116.24 2 0
github.com/D3vl0per/crypt/generic/utils.go:116.24,118.3 1 0
github.com/D3vl0per/crypt/generic/utils.go:120.2,120.24 1 0
github.com/D3vl0per/crypt/insecure/asymmetric/asymmetric.go:20.45,22.16 2 3
github.com/D3vl0per/crypt/insecure/asymmetric/asymmetric.go:22.16,24.3 1 0
github.com/D3vl0per/crypt/insecure/asymmetric/asymmetric.go:26.2,29.8 1 3
github.com/D3vl0per/crypt/insecure/asymmetric/asymmetric.go:32.74,43.16 8 1
github.com/D3vl0per/crypt/insecure/asymmetric/asymmetric.go:43.16,45.3 1 0
github.com/D3vl0per/crypt/insecure/asymmetric/asymmetric.go:47.2,49.88 3 1
github.com/D3vl0per/crypt/insecure/asymmetric/asymmetric.go:52.75,65.9 10 1
github.com/D3vl0per/crypt/insecure/asymmetric/asymmetric.go:65.9,67.3 1 0
github.com/D3vl0per/crypt/insecure/asymmetric/asymmetric.go:68.2,68.23 1 1
github.com/D3vl0per/crypt/insecure/symmetric/symmetric.go:11.65,12.23 1 1
github.com/D3vl0per/crypt/insecure/symmetric/symmetric.go:12.23,14.3 1 0
github.com/D3vl0per/crypt/insecure/symmetric/symmetric.go:16.2,20.16 4 1
github.com/D3vl0per/crypt/insecure/symmetric/symmetric.go:20.16,22.3 1 0
github.com/D3vl0per/crypt/insecure/symmetric/symmetric.go:24.2,27.69 3 1
github.com/D3vl0per/crypt/insecure/symmetric/symmetric.go:30.66,31.23 1 1
github.com/D3vl0per/crypt/insecure/symmetric/symmetric.go:31.23,33.3 1 0
github.com/D3vl0per/crypt/insecure/symmetric/symmetric.go:35.2,42.9 6 1
github.com/D3vl0per/crypt/insecure/symmetric/symmetric.go:42.9,44.3 1 0
github.com/D3vl0per/crypt/insecure/symmetric/symmetric.go:46.2,46.23 1 1
github.com/D3vl0per/crypt/insecure/symmetric/symmetric.go:49.54,51.16 2 0
github.com/D3vl0per/crypt/insecure/symmetric/symmetric.go:51.16,53.3 1 0
github.com/D3vl0per/crypt/insecure/symmetric/symmetric.go:54.2,57.67 3 0
github.com/D3vl0per/crypt/insecure/symmetric/symmetric.go:57.67,59.3 1 0
github.com/D3vl0per/crypt/insecure/symmetric/symmetric.go:61.2,61.23 1 0
github.com/D3vl0per/crypt/insecure/symmetric/symmetric.go:64.54,66.16 2 0
github.com/D3vl0per/crypt/insecure/symmetric/symmetric.go:66.16,68.3 1 0
github.com/D3vl0per/crypt/insecure/symmetric/symmetric.go:69.2,72.67 3 0
github.com/D3vl0per/crypt/insecure/symmetric/symmetric.go:72.67,74.3 1 0
github.com/D3vl0per/crypt/insecure/symmetric/symmetric.go:76.2,76.23 1 0
github.com/D3vl0per/crypt/symmetric/symmetric.go:36.68,37.42 1 1
github.com/D3vl0per/crypt/symmetric/symmetric.go:37.42,39.3 1 0
github.com/D3vl0per/crypt/symmetric/symmetric.go:41.2,42.16 2 1
github.com/D3vl0per/crypt/symmetric/symmetric.go:42.16,44.3 1 0
github.com/D3vl0per/crypt/symmetric/symmetric.go:46.2,47.54 2 1
github.com/D3vl0per/crypt/symmetric/symmetric.go:47.54,48.13 1 0
github.com/D3vl0per/crypt/symmetric/symmetric.go:51.2,51.53 1 1
github.com/D3vl0per/crypt/symmetric/symmetric.go:54.69,55.42 1 1
github.com/D3vl0per/crypt/symmetric/symmetric.go:55.42,57.3 1 0
github.com/D3vl0per/crypt/symmetric/symmetric.go:59.2,60.16 2 1
github.com/D3vl0per/crypt/symmetric/symmetric.go:60.16,62.3 1 0
github.com/D3vl0per/crypt/symmetric/symmetric.go:64.2,64.51 1 1
github.com/D3vl0per/crypt/symmetric/symmetric.go:64.51,66.3 1 0
github.com/D3vl0per/crypt/symmetric/symmetric.go:68.2,71.16 3 1
github.com/D3vl0per/crypt/symmetric/symmetric.go:71.16,73.3 1 0
github.com/D3vl0per/crypt/symmetric/symmetric.go:74.2,74.23 1 1
github.com/D3vl0per/crypt/symmetric/symmetric.go:80.60,81.30 1 1
github.com/D3vl0per/crypt/symmetric/symmetric.go:81.30,83.3 1 0
github.com/D3vl0per/crypt/symmetric/symmetric.go:85.2,86.25 2 1
github.com/D3vl0per/crypt/symmetric/symmetric.go:86.25,88.3 1 4
github.com/D3vl0per/crypt/symmetric/symmetric.go:90.2,90.58 1 1
github.com/D3vl0per/crypt/symmetric/symmetric.go:90.58,92.3 1 0
github.com/D3vl0per/crypt/symmetric/symmetric.go:94.2,94.19 1 1
github.com/D3vl0per/crypt/symmetric/symmetric.go:97.60,99.2 1 0
github.com/D3vl0per/crypt/symmetric/symmetric.go:101.70,102.44 1 1
github.com/D3vl0per/crypt/symmetric/symmetric.go:102.44,104.3 1 0
github.com/D3vl0per/crypt/symmetric/symmetric.go:106.2,107.19 2 1
github.com/D3vl0per/crypt/symmetric/symmetric.go:107.19,111.3 1 1
github.com/D3vl0per/crypt/symmetric/symmetric.go:111.8,113.3 1 0
github.com/D3vl0per/crypt/symmetric/symmetric.go:114.2,115.16 2 1
github.com/D3vl0per/crypt/symmetric/symmetric.go:115.16,117.3 1 0
github.com/D3vl0per/crypt/symmetric/symmetric.go:119.2,119.42 1 1
github.com/D3vl0per/crypt/symmetric/symmetric.go:119.42,121.3 1 0
github.com/D3vl0per/crypt/symmetric/symmetric.go:122.2,122.34 1 1
github.com/D3vl0per/crypt/symmetric/symmetric.go:122.34,124.3 1 0
github.com/D3vl0per/crypt/symmetric/symmetric.go:125.2,125.12 1 1
github.com/D3vl0per/crypt/symmetric/symmetric.go:128.70,129.44 1 1
github.com/D3vl0per/crypt/symmetric/symmetric.go:129.44,131.3 1 0
github.com/D3vl0per/crypt/symmetric/symmetric.go:133.2,134.19 2 1
github.com/D3vl0per/crypt/symmetric/symmetric.go:134.19,138.3 1 1
github.com/D3vl0per/crypt/symmetric/symmetric.go:138.8,140.3 1 0
github.com/D3vl0per/crypt/symmetric/symmetric.go:142.2,143.16 2 1
github.com/D3vl0per/crypt/symmetric/symmetric.go:143.16,145.3 1 0
github.com/D3vl0per/crypt/symmetric/symmetric.go:147.2,147.43 1 1
github.com/D3vl0per/crypt/symmetric/symmetric.go:147.43,149.3 1 0
github.com/D3vl0per/crypt/symmetric/symmetric.go:150.2,150.12 1 1
github.com/D3vl0per/crypt/symmetric/symmetric.go:157.71,159.51 2 1
github.com/D3vl0per/crypt/symmetric/symmetric.go:159.51,161.3 1 0
github.com/D3vl0per/crypt/symmetric/symmetric.go:163.2,164.16 2 1
github.com/D3vl0per/crypt/symmetric/symmetric.go:164.16,166.3 1 0
github.com/D3vl0per/crypt/symmetric/symmetric.go:168.2,168.41 1 1
github.com/D3vl0per/crypt/symmetric/symmetric.go:171.76,173.54 2 1
github.com/D3vl0per/crypt/symmetric/symmetric.go:173.54,175.3 1 0
github.com/D3vl0per/crypt/symmetric/symmetric.go:177.2,177.44 1 1
github.com/D3vl0per/crypt/symmetric/symmetric.go:177.44,179.3 1 0
github.com/D3vl0per/crypt/symmetric/symmetric.go:181.2,182.16 2 1
github.com/D3vl0per/crypt/symmetric/symmetric.go:182.16,184.3 1 0
github.com/D3vl0per/crypt/symmetric/symmetric.go:186.2,186.41 1 1
github.com/D3vl0per/crypt/symmetric/symmetric.go:189.61,192.53 3 2
github.com/D3vl0per/crypt/symmetric/symmetric.go:192.53,194.3 1 0
github.com/D3vl0per/crypt/symmetric/symmetric.go:195.2,195.31 1 2
github.com/D3vl0per/crypt/symmetric/symmetric.go:195.31,197.3 1 0
github.com/D3vl0per/crypt/symmetric/symmetric.go:198.2,198.23 1 2
github.com/D3vl0per/crypt/compression/compression.go:25.52,30.16 4 25
github.com/D3vl0per/crypt/compression/compression.go:30.16,32.3 1 0
github.com/D3vl0per/crypt/compression/compression.go:34.2,34.36 1 25
github.com/D3vl0per/crypt/compression/compression.go:37.66,40.16 2 40
github.com/D3vl0per/crypt/compression/compression.go:40.16,42.3 1 0
github.com/D3vl0per/crypt/compression/compression.go:44.2,45.16 2 40
github.com/D3vl0per/crypt/compression/compression.go:45.16,48.3 2 0
github.com/D3vl0per/crypt/compression/compression.go:49.2,49.20 1 40
github.com/D3vl0per/crypt/compression/compression.go:52.54,57.16 4 25
github.com/D3vl0per/crypt/compression/compression.go:57.16,59.3 1 0
github.com/D3vl0per/crypt/compression/compression.go:61.2,61.38 1 25
github.com/D3vl0per/crypt/compression/compression.go:64.68,66.16 2 40
github.com/D3vl0per/crypt/compression/compression.go:66.16,69.3 2 0
github.com/D3vl0per/crypt/compression/compression.go:70.2,72.12 3 40
github.com/D3vl0per/crypt/compression/compression.go:75.31,77.2 1 15
github.com/D3vl0per/crypt/compression/compression.go:83.52,88.16 4 12
github.com/D3vl0per/crypt/compression/compression.go:88.16,90.3 1 0
github.com/D3vl0per/crypt/compression/compression.go:92.2,92.36 1 12
github.com/D3vl0per/crypt/compression/compression.go:95.66,98.16 2 24
github.com/D3vl0per/crypt/compression/compression.go:98.16,100.3 1 0
github.com/D3vl0per/crypt/compression/compression.go:101.2,102.16 2 24
github.com/D3vl0per/crypt/compression/compression.go:102.16,105.3 2 0
github.com/D3vl0per/crypt/compression/compression.go:106.2,106.20 1 24
github.com/D3vl0per/crypt/compression/compression.go:109.54,114.16 4 12
github.com/D3vl0per/crypt/compression/compression.go:114.16,116.3 1 0
github.com/D3vl0per/crypt/compression/compression.go:118.2,118.38 1 12
github.com/D3vl0per/crypt/compression/compression.go:121.68,123.16 2 25
github.com/D3vl0per/crypt/compression/compression.go:123.16,126.3 2 0
github.com/D3vl0per/crypt/compression/compression.go:127.2,129.12 3 25
github.com/D3vl0per/crypt/compression/compression.go:132.31,134.2 1 12
github.com/D3vl0per/crypt/compression/compression.go:140.53,145.16 4 15
github.com/D3vl0per/crypt/compression/compression.go:145.16,147.3 1 0
github.com/D3vl0per/crypt/compression/compression.go:149.2,149.36 1 15
github.com/D3vl0per/crypt/compression/compression.go:152.67,155.16 2 30
github.com/D3vl0per/crypt/compression/compression.go:155.16,157.3 1 0
github.com/D3vl0per/crypt/compression/compression.go:158.2,159.16 2 30
github.com/D3vl0per/crypt/compression/compression.go:159.16,162.3 2 0
github.com/D3vl0per/crypt/compression/compression.go:163.2,163.20 1 30
github.com/D3vl0per/crypt/compression/compression.go:166.55,171.16 4 15
github.com/D3vl0per/crypt/compression/compression.go:171.16,173.3 1 0
github.com/D3vl0per/crypt/compression/compression.go:175.2,175.38 1 15
github.com/D3vl0per/crypt/compression/compression.go:178.69,183.2 4 30
github.com/D3vl0per/crypt/compression/compression.go:185.32,187.2 1 15
github.com/D3vl0per/crypt/compression/compression.go:193.53,198.16 4 15
github.com/D3vl0per/crypt/compression/compression.go:198.16,200.3 1 0
github.com/D3vl0per/crypt/compression/compression.go:202.2,202.36 1 15
github.com/D3vl0per/crypt/compression/compression.go:205.67,208.16 2 30
github.com/D3vl0per/crypt/compression/compression.go:208.16,210.3 1 0
github.com/D3vl0per/crypt/compression/compression.go:211.2,212.16 2 30
github.com/D3vl0per/crypt/compression/compression.go:212.16,215.3 2 0
github.com/D3vl0per/crypt/compression/compression.go:216.2,216.20 1 30
github.com/D3vl0per/crypt/compression/compression.go:219.55,224.16 4 15
github.com/D3vl0per/crypt/compression/compression.go:224.16,226.3 1 0
github.com/D3vl0per/crypt/compression/compression.go:228.2,228.38 1 15
github.com/D3vl0per/crypt/compression/compression.go:231.69,233.16 2 30
github.com/D3vl0per/crypt/compression/compression.go:233.16,236.3 2 0
github.com/D3vl0per/crypt/compression/compression.go:237.2,239.12 3 30
github.com/D3vl0per/crypt/compression/compression.go:242.32,244.2 1 15
github.com/D3vl0per/crypt/hash/fs.go:5.75,7.16 2 0
github.com/D3vl0per/crypt/hash/fs.go:7.16,9.3 1 0
github.com/D3vl0per/crypt/hash/fs.go:10.2,11.16 2 0
github.com/D3vl0per/crypt/hash/fs.go:11.16,13.3 1 0
github.com/D3vl0per/crypt/hash/fs.go:14.2,14.18 1 0
github.com/D3vl0per/crypt/hash/hash.go:33.56,35.2 1 1
github.com/D3vl0per/crypt/hash/hash.go:37.81,39.16 2 2
github.com/D3vl0per/crypt/hash/hash.go:39.16,41.3 1 0
github.com/D3vl0per/crypt/hash/hash.go:43.2,43.51 1 2
github.com/D3vl0per/crypt/hash/hash.go:46.61,48.2 1 1
github.com/D3vl0per/crypt/hash/hash.go:50.81,52.16 2 2
github.com/D3vl0per/crypt/hash/hash.go:52.16,54.3 1 0
github.com/D3vl0per/crypt/hash/hash.go:56.2,56.51 1 2
github.com/D3vl0per/crypt/hash/hash.go:63.56,65.2 1 1
github.com/D3vl0per/crypt/hash/hash.go:67.81,69.16 2 2
github.com/D3vl0per/crypt/hash/hash.go:69.16,71.3 1 0
github.com/D3vl0per/crypt/hash/hash.go:73.2,73.51 1 2
github.com/D3vl0per/crypt/hash/hash.go:76.61,78.2 1 1
github.com/D3vl0per/crypt/hash/hash.go:80.81,82.16 2 2
github.com/D3vl0per/crypt/hash/hash.go:82.16,84.3 1 0
github.com/D3vl0per/crypt/hash/hash.go:86.2,86.51 1 2
github.com/D3vl0per/crypt/hash/hash.go:93.56,95.2 1 1
github.com/D3vl0per/crypt/hash/hash.go:97.81,99.16 2 2
github.com/D3vl0per/crypt/hash/hash.go:99.16,101.3 1 0
github.com/D3vl0per/crypt/hash/hash.go:103.2,103.51 1 2
github.com/D3vl0per/crypt/hash/hash.go:106.61,108.2 1 1
github.com/D3vl0per/crypt/hash/hash.go:110.81,112.16 2 2
github.com/D3vl0per/crypt/hash/hash.go:112.16,114.3 1 0
github.com/D3vl0per/crypt/hash/hash.go:116.2,116.51 1 2
github.com/D3vl0per/crypt/hash/hash.go:119.62,123.16 3 18
github.com/D3vl0per/crypt/hash/hash.go:123.16,125.17 2 9
github.com/D3vl0per/crypt/hash/hash.go:125.17,127.4 1 0
github.com/D3vl0per/crypt/hash/hash.go:128.8,130.17 2 9
github.com/D3vl0per/crypt/hash/hash.go:130.17,132.4 1 0
github.com/D3vl0per/crypt/hash/hash.go:135.2,135.44 1 18
github.com/D3vl0per/crypt/hash/hash.go:135.44,137.3 1 0
github.com/D3vl0per/crypt/hash/hash.go:138.2,138.27 1 18
github.com/D3vl0per/crypt/hash/hash.go:145.53,147.2 1 1
github.com/D3vl0per/crypt/hash/hash.go:149.78,151.16 2 2
github.com/D3vl0per/crypt/hash/hash.go:151.16,153.3 1 0
github.com/D3vl0per/crypt/hash/hash.go:155.2,155.51 1 2
github.com/D3vl0per/crypt/hash/hash.go:158.58,160.2 1 0
github.com/D3vl0per/crypt/hash/hash.go:162.78,164.16 2 0
github.com/D3vl0per/crypt/hash/hash.go:164.16,166.3 1 0
github.com/D3vl0per/crypt/hash/hash.go:168.2,168.51 1 0
github.com/D3vl0per/crypt/hash/hash.go:171.52,175.16 3 3
github.com/D3vl0per/crypt/hash/hash.go:175.16,177.44 2 0
github.com/D3vl0per/crypt/hash/hash.go:177.44,179.4 1 0
github.com/D3vl0per/crypt/hash/hash.go:180.8,182.17 2 3
github.com/D3vl0per/crypt/hash/hash.go:182.17,184.4 1 0
github.com/D3vl0per/crypt/hash/hash.go:187.2,187.44 1 3
github.com/D3vl0per/crypt/hash/hash.go:187.44,189.3 1 0
github.com/D3vl0per/crypt/hash/hash.go:191.2,191.27 1 3
github.com/D3vl0per/crypt/hash/hash.go:198.53,200.2 1 1
github.com/D3vl0per/crypt/hash/hash.go:202.78,204.16 2 2
github.com/D3vl0per/crypt/hash/hash.go:204.16,206.3 1 0
github.com/D3vl0per/crypt/hash/hash.go:208.2,208.51 1 2
github.com/D3vl0per/crypt/hash/hash.go:211.58,213.2 1 0
github.com/D3vl0per/crypt/hash/hash.go:215.78,217.16 2 0
github.com/D3vl0per/crypt/hash/hash.go:217.16,219.3 1 0
github.com/D3vl0per/crypt/hash/hash.go:221.2,221.51 1 0
github.com/D3vl0per/crypt/hash/hash.go:224.52,228.16 3 3
github.com/D3vl0per/crypt/hash/hash.go:228.16,230.44 2 0
github.com/D3vl0per/crypt/hash/hash.go:230.44,232.4 1 0
github.com/D3vl0per/crypt/hash/hash.go:233.8,235.17 2 3
github.com/D3vl0per/crypt/hash/hash.go:235.17,237.4 1 0
github.com/D3vl0per/crypt/hash/hash.go:240.2,240.44 1 3
github.com/D3vl0per/crypt/hash/hash.go:240.44,242.3 1 0
github.com/D3vl0per/crypt/hash/hash.go:244.2,244.27 1 3
github.com/D3vl0per/crypt/hash/hash.go:251.53,253.2 1 1
github.com/D3vl0per/crypt/hash/hash.go:255.78,257.16 2 2
github.com/D3vl0per/crypt/hash/hash.go:257.16,259.3 1 0
github.com/D3vl0per/crypt/hash/hash.go:261.2,261.51 1 2
github.com/D3vl0per/crypt/hash/hash.go:264.58,266.2 1 0
github.com/D3vl0per/crypt/hash/hash.go:268.78,270.16 2 0
github.com/D3vl0per/crypt/hash/hash.go:270.16,272.3 1 0
github.com/D3vl0per/crypt/hash/hash.go:274.2,274.51 1 0
github.com/D3vl0per/crypt/hash/hash.go:277.52,281.16 3 3
github.com/D3vl0per/crypt/hash/hash.go:281.16,283.44 2 0
github.com/D3vl0per/crypt/hash/hash.go:283.44,285.4 1 0
github.com/D3vl0per/crypt/hash/hash.go:286.8,288.17 2 3
github.com/D3vl0per/crypt/hash/hash.go:288.17,290.4 1 0
github.com/D3vl0per/crypt/hash/hash.go:293.2,293.44 1 3
github.com/D3vl0per/crypt/hash/hash.go:293.44,295.3 1 0
github.com/D3vl0per/crypt/hash/hash.go:297.2,297.27 1 3
github.com/D3vl0per/crypt/hash/kdf.go:54.54,76.2 5 14
github.com/D3vl0per/crypt/hash/kdf.go:78.54,79.19 1 7
github.com/D3vl0per/crypt/hash/kdf.go:79.19,80.24 1 2
github.com/D3vl0per/crypt/hash/kdf.go:80.24,82.4 1 0
github.com/D3vl0per/crypt/hash/kdf.go:83.8,86.17 3 5
github.com/D3vl0per/crypt/hash/kdf.go:86.17,88.4 1 0
github.com/D3vl0per/crypt/hash/kdf.go:91.2,97.32 6 7
github.com/D3vl0per/crypt/hash/kdf.go:100.76,102.16 2 7
github.com/D3vl0per/crypt/hash/kdf.go:102.16,104.3 1 0
github.com/D3vl0per/crypt/hash/kdf.go:106.2,107.16 2 7
github.com/D3vl0per/crypt/hash/kdf.go:107.16,109.3 1 0
github.com/D3vl0per/crypt/hash/kdf.go:111.2,112.16 2 7
github.com/D3vl0per/crypt/hash/kdf.go:112.16,114.3 1 0
github.com/D3vl0per/crypt/hash/kdf.go:116.2,116.23 1 7
github.com/D3vl0per/crypt/hash/kdf.go:116.23,118.17 2 0
github.com/D3vl0per/crypt/hash/kdf.go:118.17,120.4 1 0
github.com/D3vl0per/crypt/hash/kdf.go:121.3,121.32 1 0
github.com/D3vl0per/crypt/hash/kdf.go:124.2,124.19 1 7
github.com/D3vl0per/crypt/hash/kdf.go:124.19,126.17 2 0
github.com/D3vl0per/crypt/hash/kdf.go:126.17,128.4 1 0
github.com/D3vl0per/crypt/hash/kdf.go:129.3,129.28 1 0
github.com/D3vl0per/crypt/hash/kdf.go:132.2,132.24 1 7
github.com/D3vl0per/crypt/hash/kdf.go:132.24,134.17 2 0
github.com/D3vl0per/crypt/hash/kdf.go:134.17,136.4 1 0
github.com/D3vl0per/crypt/hash/kdf.go:137.3,137.44 1 0
github.com/D3vl0per/crypt/hash/kdf.go:137.44,139.4 1 0
github.com/D3vl0per/crypt/hash/kdf.go:139.9,141.4 1 0
github.com/D3vl0per/crypt/hash/kdf.go:144.2,144.19 1 7
github.com/D3vl0per/crypt/hash/kdf.go:144.19,146.3 1 0
github.com/D3vl0per/crypt/hash/kdf.go:148.2,150.56 2 7
github.com/D3vl0per/crypt/hash/kdf.go:153.79,160.23 4 14
github.com/D3vl0per/crypt/hash/kdf.go:160.23,162.3 1 0
github.com/D3vl0per/crypt/hash/kdf.go:164.2,174.80 2 14
github.com/D3vl0per/crypt/hash/kdf.go:174.80,176.3 1 0
github.com/D3vl0per/crypt/hash/kdf.go:178.2,178.110 1 14
github.com/D3vl0per/crypt/hash/kdf.go:178.110,180.3 1 0
github.com/D3vl0per/crypt/hash/kdf.go:182.2,182.34 1 14
github.com/D3vl0per/crypt/hash/kdf.go:182.34,184.3 1 0
github.com/D3vl0per/crypt/hash/kdf.go:186.2,186.34 1 14
github.com/D3vl0per/crypt/hash/kdf.go:186.34,188.3 1 0
github.com/D3vl0per/crypt/hash/kdf.go:190.2,190.24 1 14
github.com/D3vl0per/crypt/hash/kdf.go:193.50,194.19 1 0
github.com/D3vl0per/crypt/hash/kdf.go:194.19,195.41 1 0
github.com/D3vl0per/crypt/hash/kdf.go:195.41,197.4 1 0
github.com/D3vl0per/crypt/hash/kdf.go:198.8,201.17 3 0
github.com/D3vl0per/crypt/hash/kdf.go:201.17,203.4 1 0
github.com/D3vl0per/crypt/hash/kdf.go:206.2,206.23 1 0
github.com/D3vl0per/crypt/hash/kdf.go:206.23,208.3 1 0
github.com/D3vl0per/crypt/hash/kdf.go:210.2,214.49 3 0
github.com/D3vl0per/crypt/hash/kdf.go:214.49,216.3 1 0
github.com/D3vl0per/crypt/hash/kdf.go:218.2,218.98 1 0
github.com/D3vl0per/crypt/hash/kdf.go:221.65,223.60 1 0
github.com/D3vl0per/crypt/hash/kdf.go:223.60,225.3 1 0
github.com/D3vl0per/crypt/hash/kdf.go:227.2,227.23 1 0
github.com/D3vl0per/crypt/hash/kdf.go:227.23,229.3 1 0
github.com/D3vl0per/crypt/hash/kdf.go:231.2,235.49 3 0
github.com/D3vl0per/crypt/hash/kdf.go:235.49,237.3 1 0
github.com/D3vl0per/crypt/hash/kdf.go:240.2,241.16 2 0
github.com/D3vl0per/crypt/hash/kdf.go:241.16,243.3 1 0
github.com/D3vl0per/crypt/hash/kdf.go:245.2,245.47 1 0
github.com/D3vl0per/crypt/aged/age_bind.go:24.67,28.16 3 16
github.com/D3vl0per/crypt/aged/age_bind.go:28.16,30.3 1 1
github.com/D3vl0per/crypt/aged/age_bind.go:32.2,34.45 2 15
github.com/D3vl0per/crypt/aged/age_bind.go:34.45,35.14 1 31
github.com/D3vl0per/crypt/aged/age_bind.go:35.14,36.12 1 0
github.com/D3vl0per/crypt/aged/age_bind.go:38.3,38.41 1 31
github.com/D3vl0per/crypt/aged/age_bind.go:38.41,40.18 2 30
github.com/D3vl0per/crypt/aged/age_bind.go:40.18,42.5 1 1
github.com/D3vl0per/crypt/aged/age_bind.go:43.4,43.64 1 29
github.com/D3vl0per/crypt/aged/age_bind.go:47.2,47.33 1 14
github.com/D3vl0per/crypt/aged/age_bind.go:47.33,49.3 1 14
github.com/D3vl0per/crypt/aged/age_bind.go:51.2,51.22 1 14
github.com/D3vl0per/crypt/aged/age_bind.go:54.48,56.16 2 20
github.com/D3vl0per/crypt/aged/age_bind.go:56.16,58.3 1 0
github.com/D3vl0per/crypt/aged/age_bind.go:59.2,59.22 1 20
github.com/D3vl0per/crypt/aged/age_bind.go:70.57,73.16 2 12
github.com/D3vl0per/crypt/aged/age_bind.go:73.16,75.3 1 0
github.com/D3vl0per/crypt/aged/age_bind.go:77.2,79.16 3 12
github.com/D3vl0per/crypt/aged/age_bind.go:79.16,81.3 1 0
github.com/D3vl0per/crypt/aged/age_bind.go:83.2,83.42 1 12
github.com/D3vl0per/crypt/aged/age_bind.go:83.42,85.3 1 0
github.com/D3vl0per/crypt/aged/age_bind.go:86.2,86.34 1 12
github.com/D3vl0per/crypt/aged/age_bind.go:86.34,88.3 1 0
github.com/D3vl0per/crypt/aged/age_bind.go:90.2,90.35 1 12
github.com/D3vl0per/crypt/aged/age_bind.go:93.57,95.16 2 34
github.com/D3vl0per/crypt/aged/age_bind.go:95.16,97.3 1 0
github.com/D3vl0per/crypt/aged/age_bind.go:98.2,99.16 2 34
github.com/D3vl0per/crypt/aged/age_bind.go:99.16,101.3 1 11
github.com/D3vl0per/crypt/aged/age_bind.go:102.2,103.43 2 23
github.com/D3vl0per/crypt/aged/age_bind.go:103.43,105.3 1 0
github.com/D3vl0per/crypt/aged/age_bind.go:107.2,107.37 1 23
github.com/D3vl0per/crypt/aged/age_bind.go:110.63,112.16 2 11
github.com/D3vl0per/crypt/aged/age_bind.go:112.16,114.3 1 0
github.com/D3vl0per/crypt/aged/age_bind.go:116.2,117.16 2 11
github.com/D3vl0per/crypt/aged/age_bind.go:117.16,119.3 1 0
github.com/D3vl0per/crypt/aged/age_bind.go:121.2,123.16 3 11
github.com/D3vl0per/crypt/aged/age_bind.go:123.16,125.3 1 0
github.com/D3vl0per/crypt/aged/age_bind.go:127.2,127.16 1 11
github.com/D3vl0per/crypt/aged/age_bind.go:127.16,129.3 1 0
github.com/D3vl0per/crypt/aged/age_bind.go:131.2,131.42 1 11
github.com/D3vl0per/crypt/aged/age_bind.go:131.42,133.3 1 0
github.com/D3vl0per/crypt/aged/age_bind.go:134.2,134.34 1 11
github.com/D3vl0per/crypt/aged/age_bind.go:134.34,136.3 1 0
github.com/D3vl0per/crypt/aged/age_bind.go:138.2,138.35 1 11
github.com/D3vl0per/crypt/aged/age_bind.go:141.63,143.16 2 11
github.com/D3vl0per/crypt/aged/age_bind.go:143.16,145.3 1 0
github.com/D3vl0per/crypt/aged/age_bind.go:147.2,148.16 2 11
github.com/D3vl0per/crypt/aged/age_bind.go:148.16,150.3 1 0
github.com/D3vl0per/crypt/aged/age_bind.go:152.2,153.16 2 11
github.com/D3vl0per/crypt/aged/age_bind.go:153.16,155.3 1 0
github.com/D3vl0per/crypt/aged/age_bind.go:157.2,158.43 2 11
github.com/D3vl0per/crypt/aged/age_bind.go:158.43,160.3 1 0
github.com/D3vl0per/crypt/aged/age_bind.go:162.2,162.37 1 11
github.com/D3vl0per/crypt/aged/age_bind.go:165.54,168.16 2 23
github.com/D3vl0per/crypt/aged/age_bind.go:168.16,173.17 4 17
github.com/D3vl0per/crypt/aged/age_bind.go:173.17,175.4 1 0
github.com/D3vl0per/crypt/aged/age_bind.go:177.3,177.39 1 17
github.com/D3vl0per/crypt/aged/age_bind.go:179.8,181.3 1 6
github.com/D3vl0per/crypt/aged/age_bind.go:182.2,182.16 1 23
github.com/D3vl0per/crypt/aged/age_bind.go:185.62,186.16 1 34
github.com/D3vl0per/crypt/aged/age_bind.go:186.16,188.17 2 25
github.com/D3vl0per/crypt/aged/age_bind.go:188.17,190.4 1 0
github.com/D3vl0per/crypt/aged/age_bind.go:191.3,191.18 1 25
github.com/D3vl0per/crypt/aged/age_bind.go:193.2,193.18 1 9
github.com/D3vl0per/crypt/aged/age_bind.go:196.58,197.19 1 23
github.com/D3vl0per/crypt/aged/age_bind.go:197.19,199.17 2 12
github.com/D3vl0per/crypt/aged/age_bind.go:199.17,201.4 1 0
github.com/D3vl0per/crypt/aged/age_bind.go:202.3,202.18 1 12
github.com/D3vl0per/crypt/aged/age_bind.go:204.2,204.16 1 11
github.com/D3vl0per/crypt/aged/age_bind.go:207.49,209.19 2 45
github.com/D3vl0per/crypt/aged/age_bind.go:209.19,212.17 3 24
github.com/D3vl0per/crypt/aged/age_bind.go:212.17,214.4 1 0
github.com/D3vl0per/crypt/aged/age_bind.go:215.8,217.3 1 21
github.com/D3vl0per/crypt/aged/age_bind.go:218.2,218.24 1 45
github.com/D3vl0per/crypt/aged/age_bind.go:221.45,223.35 2 3
github.com/D3vl0per/crypt/aged/age_bind.go:223.35,225.3 1 9
github.com/D3vl0per/crypt/aged/age_bind.go:226.2,226.13 1 3
github.com/D3vl0per/crypt/aged/age_bind.go:229.52,231.2 1 4
github.com/D3vl0per/crypt/aged/obf.go:26.62,29.23 2 13
github.com/D3vl0per/crypt/aged/obf.go:29.23,31.3 1 0
github.com/D3vl0per/crypt/aged/obf.go:32.2,32.44 1 13
github.com/D3vl0per/crypt/aged/obf.go:32.44,34.3 1 0
github.com/D3vl0per/crypt/aged/obf.go:35.2,39.27 4 13
github.com/D3vl0per/crypt/aged/obf.go:39.27,42.3 2 3337
github.com/D3vl0per/crypt/aged/obf.go:44.2,45.58 2 13
github.com/D3vl0per/crypt/aged/obf.go:48.64,50.23 2 25
github.com/D3vl0per/crypt/aged/obf.go:50.23,52.3 1 0
github.com/D3vl0per/crypt/aged/obf.go:53.2,53.45 1 25
github.com/D3vl0per/crypt/aged/obf.go:53.45,55.3 1 0
github.com/D3vl0per/crypt/aged/obf.go:56.2,57.32 2 25
github.com/D3vl0per/crypt/aged/obf.go:57.32,59.3 1 0
github.com/D3vl0per/crypt/aged/obf.go:61.2,64.54 3 25
github.com/D3vl0per/crypt/aged/obf.go:64.54,67.3 2 7693
github.com/D3vl0per/crypt/aged/obf.go:69.2,69.52 1 25
github.com/D3vl0per/crypt/aged/stream.go:37.60,38.20 1 16
github.com/D3vl0per/crypt/aged/stream.go:38.20,40.3 1 0
github.com/D3vl0per/crypt/aged/stream.go:42.2,43.16 2 16
github.com/D3vl0per/crypt/aged/stream.go:43.16,45.3 1 0
github.com/D3vl0per/crypt/aged/stream.go:46.2,49.8 1 16
github.com/D3vl0per/crypt/aged/stream.go:52.46,53.23 1 620
github.com/D3vl0per/crypt/aged/stream.go:53.23,57.3 3 604
github.com/D3vl0per/crypt/aged/stream.go:58.2,58.18 1 16
github.com/D3vl0per/crypt/aged/stream.go:58.18,60.3 1 0
github.com/D3vl0per/crypt/aged/stream.go:61.2,61.17 1 16
github.com/D3vl0per/crypt/aged/stream.go:61.17,63.3 1 0
github.com/D3vl0per/crypt/aged/stream.go:65.2,66.16 2 16
github.com/D3vl0per/crypt/aged/stream.go:66.16,69.3 2 0
github.com/D3vl0per/crypt/aged/stream.go:71.2,74.10 3 16
github.com/D3vl0per/crypt/aged/stream.go:74.10,79.56 1 12
github.com/D3vl0per/crypt/aged/stream.go:79.56,81.4 1 0
github.com/D3vl0per/crypt/aged/stream.go:81.9,81.27 1 12
github.com/D3vl0per/crypt/aged/stream.go:81.27,83.4 1 0
github.com/D3vl0per/crypt/aged/stream.go:83.9,85.4 1 12
github.com/D3vl0per/crypt/aged/stream.go:88.2,88.15 1 16
github.com/D3vl0per/crypt/aged/stream.go:94.53,95.24 1 16
github.com/D3vl0per/crypt/aged/stream.go:95.24,96.70 1 0
github.com/D3vl0per/crypt/aged/stream.go:99.2,101.9 3 16
github.com/D3vl0per/crypt/aged/stream.go:102.30,104.36 1 0
github.com/D3vl0per/crypt/aged/stream.go:105.43,108.52 1 8
github.com/D3vl0per/crypt/aged/stream.go:108.52,110.4 1 0
github.com/D3vl0per/crypt/aged/stream.go:111.3,113.29 3 8
github.com/D3vl0per/crypt/aged/stream.go:114.18,115.20 1 0
github.com/D3vl0per/crypt/aged/stream.go:118.2,120.25 3 16
github.com/D3vl0per/crypt/aged/stream.go:120.25,125.3 3 4
github.com/D3vl0per/crypt/aged/stream.go:126.2,126.16 1 16
github.com/D3vl0per/crypt/aged/stream.go:126.16,128.3 1 0
github.com/D3vl0per/crypt/aged/stream.go:130.2,132.18 3 16
github.com/D3vl0per/crypt/aged/stream.go:135.57,136.39 1 36
github.com/D3vl0per/crypt/aged/stream.go:136.39,138.20 2 36
github.com/D3vl0per/crypt/aged/stream.go:138.20,139.9 1 36
github.com/D3vl0per/crypt/aged/stream.go:140.9,140.20 1 0
github.com/D3vl0per/crypt/aged/stream.go:140.20,142.49 1 0
github.com/D3vl0per/crypt/aged/stream.go:147.65,149.2 1 28
github.com/D3vl0per/crypt/aged/stream.go:151.65,153.2 1 8
github.com/D3vl0per/crypt/aged/stream.go:164.60,165.20 1 16
github.com/D3vl0per/crypt/aged/stream.go:165.20,167.3 1 0
github.com/D3vl0per/crypt/aged/stream.go:168.2,169.16 2 16
github.com/D3vl0per/crypt/aged/stream.go:169.16,171.3 1 0
github.com/D3vl0per/crypt/aged/stream.go:172.2,177.15 3 16
github.com/D3vl0per/crypt/aged/stream.go:180.53,183.18 1 1236
github.com/D3vl0per/crypt/aged/stream.go:183.18,185.3 1 0
github.com/D3vl0per/crypt/aged/stream.go:186.2,186.17 1 1236
github.com/D3vl0per/crypt/aged/stream.go:186.17,188.3 1 618
github.com/D3vl0per/crypt/aged/stream.go:190.2,191.17 2 618
github.com/D3vl0per/crypt/aged/stream.go:191.17,197.50 5 622
github.com/D3vl0per/crypt/aged/stream.go:197.50,198.53 1 4
github.com/D3vl0per/crypt/aged/stream.go:198.53,201.5 2 0
github.com/D3vl0per/crypt/aged/stream.go:204.2,204.19 1 618
github.com/D3vl0per/crypt/aged/stream.go:208.32,209.18 1 16
github.com/D3vl0per/crypt/aged/stream.go:209.18,211.3 1 0
github.com/D3vl0per/crypt/aged/stream.go:213.2,214.18 2 16
github.com/D3vl0per/crypt/aged/stream.go:214.18,216.3 1 0
github.com/D3vl0per/crypt/aged/stream.go:218.2,219.12 2 16
github.com/D3vl0per/crypt/aged/stream.go:227.46,228.44 1 20
github.com/D3vl0per/crypt/aged/stream.go:228.44,229.67 1 0
github.com/D3vl0per/crypt/aged/stream.go:232.2,232.10 1 20
github.com/D3vl0per/crypt/aged/stream.go:232.10,234.3 1 16
github.com/D3vl0per/crypt/aged/stream.go:235.2,239.12 5 20
